\BOOKMARK [1][-]{section.1}{\376\377\000I\000n\000t\000r\000o\000d\000u\000c\000t\000i\000o\000n}{}% 1
\BOOKMARK [1][-]{section.2}{\376\377\000C\000o\000o\000r\000d\000i\000n\000a\000t\000e\000\040\000S\000y\000s\000t\000e\000m\000s}{}% 2
\BOOKMARK [2][-]{subsection.2.1}{\376\377\000E\000a\000r\000t\000h\000-\000C\000e\000n\000t\000e\000r\000e\000d\000\040\000E\000a\000r\000t\000h\000-\000F\000i\000x\000e\000d\000\040\000\050\000E\000C\000E\000F\000\051}{section.2}% 3
\BOOKMARK [2][-]{subsection.2.2}{\376\377\000L\000o\000c\000a\000l\000\040\000E\000a\000s\000t\000-\000N\000o\000r\000t\000h\000-\000U\000p\000\040\000\050\000E\000N\000U\000\051}{section.2}% 4
\BOOKMARK [2][-]{subsection.2.3}{\376\377\000B\000o\000d\000y\000\040\000F\000r\000a\000m\000e}{section.2}% 5
\BOOKMARK [1][-]{section.3}{\376\377\000T\000r\000a\000j\000e\000c\000t\000o\000r\000y\000\040\000a\000n\000d\000\040\000A\000t\000t\000i\000t\000u\000d\000e\000\040\000P\000r\000o\000p\000a\000g\000a\000t\000i\000o\000n}{}% 6
\BOOKMARK [2][-]{subsection.3.1}{\376\377\000T\000r\000a\000j\000e\000c\000t\000o\000r\000y\000\040\000R\000e\000p\000r\000e\000s\000e\000n\000t\000a\000t\000i\000o\000n}{section.3}% 7
\BOOKMARK [2][-]{subsection.3.2}{\376\377\000T\000r\000a\000n\000s\000l\000a\000t\000i\000o\000n\000a\000l\000\040\000M\000o\000t\000i\000o\000n}{section.3}% 8
\BOOKMARK [2][-]{subsection.3.3}{\376\377\000A\000t\000t\000i\000t\000u\000d\000e\000\040\000R\000e\000p\000r\000e\000s\000e\000n\000t\000a\000t\000i\000o\000n}{section.3}% 9
\BOOKMARK [2][-]{subsection.3.4}{\376\377\000A\000n\000g\000u\000l\000a\000r\000\040\000R\000a\000t\000e\000\040\000K\000i\000n\000e\000m\000a\000t\000i\000c\000s}{section.3}% 10
\BOOKMARK [2][-]{subsection.3.5}{\376\377\000D\000i\000s\000c\000r\000e\000t\000e\000-\000T\000i\000m\000e\000\040\000I\000n\000t\000e\000g\000r\000a\000t\000i\000o\000n}{section.3}% 11
\BOOKMARK [2][-]{subsection.3.6}{\376\377\000R\000o\000d\000r\000i\000g\000u\000e\000s\040\031\000\040\000R\000o\000t\000a\000t\000i\000o\000n\000\040\000F\000o\000r\000m\000u\000l\000a}{section.3}% 12
\BOOKMARK [2][-]{subsection.3.7}{\376\377\000I\000n\000i\000t\000i\000a\000l\000\040\000O\000r\000i\000e\000n\000t\000a\000t\000i\000o\000n}{section.3}% 13
\BOOKMARK [2][-]{subsection.3.8}{\376\377\000N\000u\000m\000e\000r\000i\000c\000a\000l\000\040\000P\000r\000o\000p\000e\000r\000t\000i\000e\000s}{section.3}% 14
\BOOKMARK [3][-]{subsubsection.3.8.1}{\376\377\000O\000r\000t\000h\000o\000g\000o\000n\000a\000l\000i\000t\000y\000\040\000P\000r\000e\000s\000e\000r\000v\000a\000t\000i\000o\000n}{subsection.3.8}% 15
\BOOKMARK [3][-]{subsubsection.3.8.2}{\376\377\000S\000m\000a\000l\000l\000-\000A\000n\000g\000l\000e\000\040\000B\000e\000h\000a\000v\000i\000o\000r}{subsection.3.8}% 16
\BOOKMARK [2][-]{subsection.3.9}{\376\377\000R\000e\000l\000a\000t\000i\000o\000n\000s\000h\000i\000p\000\040\000t\000o\000\040\000R\000C\000S\000\040\000M\000o\000d\000e\000l\000i\000n\000g}{section.3}% 17
\BOOKMARK [2][-]{subsection.3.10}{\376\377\000S\000p\000e\000c\000i\000a\000l\000\040\000C\000a\000s\000e\000:\000\040\000P\000l\000a\000n\000a\000r\000\040\000`\000`\000F\000l\000i\000p\000p\000i\000n\000g\000'\000'\000\040\000T\000a\000r\000g\000e\000t}{section.3}% 18
\BOOKMARK [2][-]{subsection.3.11}{\376\377\000A\000s\000s\000u\000m\000p\000t\000i\000o\000n\000s\000\040\000a\000n\000d\000\040\000L\000i\000m\000i\000t\000a\000t\000i\000o\000n\000s}{section.3}% 19
\BOOKMARK [2][-]{subsection.3.12}{\376\377\000P\000o\000s\000s\000i\000b\000l\000e\000\040\000E\000x\000t\000e\000n\000s\000i\000o\000n\000s}{section.3}% 20
\BOOKMARK [2][-]{subsection.3.13}{\376\377\000S\000u\000m\000m\000a\000r\000y}{section.3}% 21
\BOOKMARK [1][-]{section.4}{\376\377\000S\000c\000a\000n\000\040\000P\000a\000t\000t\000e\000r\000n\000s\000\040\000a\000n\000d\000\040\000B\000e\000a\000m\000\040\000P\000o\000i\000n\000t\000i\000n\000g\000\040\000C\000o\000n\000t\000r\000o\000l}{}% 22
\BOOKMARK [2][-]{subsection.4.1}{\376\377\000C\000o\000n\000c\000e\000p\000t\000u\000a\000l\000\040\000R\000o\000l\000e\000\040\000o\000f\000\040\000a\000\040\000S\000c\000a\000n\000\040\000P\000a\000t\000t\000e\000r\000n}{section.4}% 23
\BOOKMARK [2][-]{subsection.4.2}{\376\377\000S\000o\000f\000t\000w\000a\000r\000e\000\040\000I\000n\000t\000e\000r\000f\000a\000c\000e}{section.4}% 24
\BOOKMARK [2][-]{subsection.4.3}{\376\377\000F\000i\000x\000e\000d\000\040\000P\000o\000i\000n\000t\000i\000n\000g\000\040\000\050\000S\000t\000a\000r\000e\000\051}{section.4}% 25
\BOOKMARK [3][-]{subsubsection.4.3.1}{\376\377\000D\000e\000f\000i\000n\000i\000t\000i\000o\000n}{subsection.4.3}% 26
\BOOKMARK [3][-]{subsubsection.4.3.2}{\376\377\000P\000u\000r\000p\000o\000s\000e}{subsection.4.3}% 27
\BOOKMARK [3][-]{subsubsection.4.3.3}{\376\377\000I\000m\000p\000l\000e\000m\000e\000n\000t\000a\000t\000i\000o\000n}{subsection.4.3}% 28
\BOOKMARK [2][-]{subsection.4.4}{\376\377\000C\000i\000r\000c\000u\000l\000a\000r\000\040\000S\000c\000a\000n}{section.4}% 29
\BOOKMARK [3][-]{subsubsection.4.4.1}{\376\377\000D\000e\000f\000i\000n\000i\000t\000i\000o\000n}{subsection.4.4}% 30
\BOOKMARK [3][-]{subsubsection.4.4.2}{\376\377\000P\000u\000r\000p\000o\000s\000e}{subsection.4.4}% 31
\BOOKMARK [2][-]{subsection.4.5}{\376\377\000S\000e\000c\000t\000o\000r\000\040\000S\000c\000a\000n}{section.4}% 32
\BOOKMARK [3][-]{subsubsection.4.5.1}{\376\377\000D\000e\000f\000i\000n\000i\000t\000i\000o\000n}{subsection.4.5}% 33
\BOOKMARK [3][-]{subsubsection.4.5.2}{\376\377\000P\000u\000r\000p\000o\000s\000e}{subsection.4.5}% 34
\BOOKMARK [2][-]{subsection.4.6}{\376\377\000R\000a\000s\000t\000e\000r\000\040\000S\000c\000a\000n}{section.4}% 35
\BOOKMARK [3][-]{subsubsection.4.6.1}{\376\377\000D\000e\000f\000i\000n\000i\000t\000i\000o\000n}{subsection.4.6}% 36
\BOOKMARK [3][-]{subsubsection.4.6.2}{\376\377\000M\000a\000t\000h\000e\000m\000a\000t\000i\000c\000a\000l\000\040\000F\000o\000r\000m}{subsection.4.6}% 37
\BOOKMARK [2][-]{subsection.4.7}{\376\377\000T\000e\000m\000p\000o\000r\000a\000l\000\040\000S\000a\000m\000p\000l\000i\000n\000g\000\040\000a\000n\000d\000\040\000R\000e\000v\000i\000s\000i\000t\000\040\000T\000i\000m\000e}{section.4}% 38
\BOOKMARK [2][-]{subsection.4.8}{\376\377\000R\000e\000l\000a\000t\000i\000o\000n\000s\000h\000i\000p\000\040\000t\000o\000\040\000T\000r\000a\000c\000k\000i\000n\000g}{section.4}% 39
\BOOKMARK [2][-]{subsection.4.9}{\376\377\000A\000d\000a\000p\000t\000i\000v\000e\000\040\000a\000n\000d\000\040\000T\000r\000a\000c\000k\000-\000D\000r\000i\000v\000e\000n\000\040\000S\000c\000a\000n\000n\000i\000n\000g}{section.4}% 40
\BOOKMARK [2][-]{subsection.4.10}{\376\377\000A\000s\000s\000u\000m\000p\000t\000i\000o\000n\000s\000\040\000a\000n\000d\000\040\000L\000i\000m\000i\000t\000a\000t\000i\000o\000n\000s}{section.4}% 41
\BOOKMARK [2][-]{subsection.4.11}{\376\377\000P\000o\000s\000s\000i\000b\000l\000e\000\040\000E\000x\000t\000e\000n\000s\000i\000o\000n\000s}{section.4}% 42
\BOOKMARK [2][-]{subsection.4.12}{\376\377\000S\000u\000m\000m\000a\000r\000y}{section.4}% 43
\BOOKMARK [1][-]{section.5}{\376\377\000R\000a\000d\000a\000r\000\040\000S\000e\000n\000s\000o\000r\000\040\000a\000n\000d\000\040\000D\000e\000t\000e\000c\000t\000i\000o\000n\000\040\000P\000h\000y\000s\000i\000c\000s}{}% 44
\BOOKMARK [2][-]{subsection.5.1}{\376\377\000R\000a\000d\000a\000r\000\040\000C\000o\000n\000c\000e\000p\000t\000u\000a\000l\000\040\000M\000o\000d\000e\000l}{section.5}% 45
\BOOKMARK [2][-]{subsection.5.2}{\376\377\000R\000a\000d\000a\000r\000\040\000P\000a\000r\000a\000m\000e\000t\000e\000r\000s}{section.5}% 46
\BOOKMARK [2][-]{subsection.5.3}{\376\377\000L\000i\000n\000e\000-\000o\000f\000-\000S\000i\000g\000h\000t\000\040\000G\000e\000o\000m\000e\000t\000r\000y}{section.5}% 47
\BOOKMARK [2][-]{subsection.5.4}{\376\377\000A\000n\000t\000e\000n\000n\000a\000\040\000G\000a\000i\000n\000\040\000M\000o\000d\000e\000l}{section.5}% 48
\BOOKMARK [2][-]{subsection.5.5}{\376\377\000R\000a\000d\000a\000r\000\040\000E\000q\000u\000a\000t\000i\000o\000n}{section.5}% 49
\BOOKMARK [2][-]{subsection.5.6}{\376\377\000D\000w\000e\000l\000l\000\040\000T\000i\000m\000e}{section.5}% 50
\BOOKMARK [2][-]{subsection.5.7}{\376\377\000D\000e\000t\000e\000c\000t\000i\000o\000n\000\040\000D\000e\000c\000i\000s\000i\000o\000n}{section.5}% 51
\BOOKMARK [2][-]{subsection.5.8}{\376\377\000F\000i\000e\000l\000d\000\040\000o\000f\000\040\000V\000i\000e\000w\000\040\000G\000a\000t\000i\000n\000g}{section.5}% 52
\BOOKMARK [2][-]{subsection.5.9}{\376\377\000A\000s\000p\000e\000c\000t\000-\000D\000e\000p\000e\000n\000d\000e\000n\000t\000\040\000R\000C\000S\000\040\000C\000o\000u\000p\000l\000i\000n\000g}{section.5}% 53
\BOOKMARK [2][-]{subsection.5.10}{\376\377\000A\000s\000s\000u\000m\000p\000t\000i\000o\000n\000s\000\040\000a\000n\000d\000\040\000L\000i\000m\000i\000t\000a\000t\000i\000o\000n\000s}{section.5}% 54
\BOOKMARK [2][-]{subsection.5.11}{\376\377\000P\000o\000s\000s\000i\000b\000l\000e\000\040\000E\000x\000t\000e\000n\000s\000i\000o\000n\000s}{section.5}% 55
\BOOKMARK [2][-]{subsection.5.12}{\376\377\000S\000u\000m\000m\000a\000r\000y}{section.5}% 56
\BOOKMARK [1][-]{section.6}{\376\377\000R\000a\000d\000a\000r\000\040\000C\000r\000o\000s\000s\000\040\000S\000e\000c\000t\000i\000o\000n\000\040\000M\000o\000d\000e\000l\000i\000n\000g}{}% 57
\BOOKMARK [2][-]{subsection.6.1}{\376\377\000P\000h\000y\000s\000i\000c\000a\000l\000\040\000M\000e\000a\000n\000i\000n\000g\000\040\000o\000f\000\040\000R\000a\000d\000a\000r\000\040\000C\000r\000o\000s\000s\000\040\000S\000e\000c\000t\000i\000o\000n}{section.6}% 58
\BOOKMARK [2][-]{subsection.6.2}{\376\377\000A\000s\000p\000e\000c\000t\000-\000D\000e\000p\000e\000n\000d\000e\000n\000t\000\040\000R\000C\000S}{section.6}% 59
\BOOKMARK [2][-]{subsection.6.3}{\376\377\000M\000a\000p\000p\000i\000n\000g\000\040\000f\000r\000o\000m\000\040\000L\000O\000S\000\040\000t\000o\000\040\000B\000o\000d\000y\000\040\000A\000s\000p\000e\000c\000t}{section.6}% 60
\BOOKMARK [2][-]{subsection.6.4}{\376\377\000G\000e\000n\000e\000r\000a\000l\000\040\000R\000C\000S\000\040\000G\000r\000i\000d\000\040\000M\000o\000d\000e\000l}{section.6}% 61
\BOOKMARK [2][-]{subsection.6.5}{\376\377\000S\000i\000m\000p\000l\000e\000\040\000P\000a\000r\000a\000m\000e\000t\000r\000i\000c\000\040\000F\000l\000i\000p\000\040\000M\000o\000d\000e\000l}{section.6}% 62
\BOOKMARK [2][-]{subsection.6.6}{\376\377\000A\000p\000p\000a\000r\000e\000n\000t\000\040\000R\000C\000S}{section.6}% 63
\BOOKMARK [2][-]{subsection.6.7}{\376\377\000T\000e\000m\000p\000o\000r\000a\000l\000\040\000V\000a\000r\000i\000a\000t\000i\000o\000n}{section.6}% 64
\BOOKMARK [2][-]{subsection.6.8}{\376\377\000A\000s\000s\000u\000m\000p\000t\000i\000o\000n\000s\000\040\000a\000n\000d\000\040\000L\000i\000m\000i\000t\000a\000t\000i\000o\000n\000s}{section.6}% 65
\BOOKMARK [2][-]{subsection.6.9}{\376\377\000P\000o\000s\000s\000i\000b\000l\000e\000\040\000E\000x\000t\000e\000n\000s\000i\000o\000n\000s}{section.6}% 66
\BOOKMARK [2][-]{subsection.6.10}{\376\377\000S\000u\000m\000m\000a\000r\000y}{section.6}% 67
\BOOKMARK [1][-]{section.7}{\376\377\000R\000a\000d\000a\000r\000\040\000F\000a\000c\000e\000\040\000a\000n\000d\000\040\000F\000i\000e\000l\000d\000-\000o\000f\000-\000V\000i\000e\000w\000\040\000G\000a\000t\000i\000n\000g}{}% 68
\BOOKMARK [2][-]{subsection.7.1}{\376\377\000M\000o\000t\000i\000v\000a\000t\000i\000o\000n\000\040\000f\000o\000r\000\040\000F\000i\000e\000l\000d\000-\000o\000f\000-\000V\000i\000e\000w\000\040\000M\000o\000d\000e\000l\000i\000n\000g}{section.7}% 69
\BOOKMARK [2][-]{subsection.7.2}{\376\377\000D\000e\000f\000i\000n\000i\000t\000i\000o\000n\000\040\000o\000f\000\040\000t\000h\000e\000\040\000R\000a\000d\000a\000r\000\040\000F\000a\000c\000e}{section.7}% 70
\BOOKMARK [2][-]{subsection.7.3}{\376\377\000W\000r\000a\000p\000-\000A\000w\000a\000r\000e\000\040\000A\000n\000g\000u\000l\000a\000r\000\040\000G\000a\000t\000i\000n\000g}{section.7}% 71
\BOOKMARK [2][-]{subsection.7.4}{\376\377\000E\000l\000e\000v\000a\000t\000i\000o\000n\000\040\000G\000a\000t\000i\000n\000g}{section.7}% 72
\BOOKMARK [2][-]{subsection.7.5}{\376\377\000R\000a\000n\000g\000e\000\040\000G\000a\000t\000i\000n\000g}{section.7}% 73
\BOOKMARK [2][-]{subsection.7.6}{\376\377\000C\000o\000m\000b\000i\000n\000e\000d\000\040\000V\000i\000s\000i\000b\000i\000l\000i\000t\000y\000\040\000T\000e\000s\000t}{section.7}% 74
\BOOKMARK [2][-]{subsection.7.7}{\376\377\000I\000n\000t\000e\000r\000a\000c\000t\000i\000o\000n\000\040\000w\000i\000t\000h\000\040\000D\000e\000t\000e\000c\000t\000i\000o\000n}{section.7}% 75
\BOOKMARK [2][-]{subsection.7.8}{\376\377\000I\000m\000p\000l\000e\000m\000e\000n\000t\000a\000t\000i\000o\000n\000\040\000D\000e\000t\000a\000i\000l\000s}{section.7}% 76
\BOOKMARK [2][-]{subsection.7.9}{\376\377\000P\000r\000a\000c\000t\000i\000c\000a\000l\000\040\000E\000x\000a\000m\000p\000l\000e\000s}{section.7}% 77
\BOOKMARK [2][-]{subsection.7.10}{\376\377\000A\000s\000s\000u\000m\000p\000t\000i\000o\000n\000s\000\040\000a\000n\000d\000\040\000L\000i\000m\000i\000t\000a\000t\000i\000o\000n\000s}{section.7}% 78
\BOOKMARK [2][-]{subsection.7.11}{\376\377\000P\000o\000s\000s\000i\000b\000l\000e\000\040\000E\000x\000t\000e\000n\000s\000i\000o\000n\000s}{section.7}% 79
\BOOKMARK [2][-]{subsection.7.12}{\376\377\000S\000u\000m\000m\000a\000r\000y}{section.7}% 80
\BOOKMARK [1][-]{section.8}{\376\377\000T\000r\000a\000c\000k\000i\000n\000g\000:\000\040\000E\000s\000t\000i\000m\000a\000t\000i\000o\000n\000,\000\040\000A\000s\000s\000o\000c\000i\000a\000t\000i\000o\000n\000,\000\040\000a\000n\000d\000\040\000T\000r\000a\000c\000k\000\040\000M\000a\000n\000a\000g\000e\000m\000e\000n\000t}{}% 81
\BOOKMARK [2][-]{subsection.8.1}{\376\377\000S\000t\000a\000t\000e\000\040\000D\000e\000f\000i\000n\000i\000t\000i\000o\000n\000\040\000a\000n\000d\000\040\000K\000i\000n\000e\000m\000a\000t\000i\000c\000\040\000M\000o\000d\000e\000l}{section.8}% 82
\BOOKMARK [3][-]{subsubsection.8.1.1}{\376\377\000C\000o\000n\000s\000t\000a\000n\000t\000-\000V\000e\000l\000o\000c\000i\000t\000y\000\040\000D\000i\000s\000c\000r\000e\000t\000e\000-\000T\000i\000m\000e\000\040\000D\000y\000n\000a\000m\000i\000c\000s}{subsection.8.1}% 83
\BOOKMARK [2][-]{subsection.8.2}{\376\377\000P\000r\000o\000c\000e\000s\000s\000\040\000N\000o\000i\000s\000e\000\040\000M\000o\000d\000e\000l\000:\000\040\000W\000h\000i\000t\000e\000-\000A\000c\000c\000e\000l\000e\000r\000a\000t\000i\000o\000n\000\040\000\050\000I\000n\000t\000e\000g\000r\000a\000t\000e\000d\000\051\000\040\000N\000o\000i\000s\000e}{section.8}% 84
\BOOKMARK [2][-]{subsection.8.3}{\376\377\000K\000a\000l\000m\000a\000n\000\040\000P\000r\000e\000d\000i\000c\000t\000i\000o\000n\000\040\000S\000t\000e\000p}{section.8}% 85
\BOOKMARK [2][-]{subsection.8.4}{\376\377\000M\000e\000a\000s\000u\000r\000e\000m\000e\000n\000t\000\040\000M\000o\000d\000e\000l\000\040\000i\000n\000\040\000S\000p\000h\000e\000r\000i\000c\000a\000l\000\040\000C\000o\000o\000r\000d\000i\000n\000a\000t\000e\000s}{section.8}% 86
\BOOKMARK [3][-]{subsubsection.8.4.1}{\376\377\000L\000i\000n\000e\000-\000o\000f\000-\000S\000i\000g\000h\000t\000\040\000G\000e\000o\000m\000e\000t\000r\000y}{subsection.8.4}% 87
\BOOKMARK [2][-]{subsection.8.5}{\376\377\000E\000x\000t\000e\000n\000d\000e\000d\000\040\000K\000a\000l\000m\000a\000n\000\040\000F\000i\000l\000t\000e\000r\000\040\000U\000p\000d\000a\000t\000e}{section.8}% 88
\BOOKMARK [3][-]{subsubsection.8.5.1}{\376\377\000N\000u\000m\000e\000r\000i\000c\000\040\000J\000a\000c\000o\000b\000i\000a\000n\000\040\000U\000s\000e\000d\000\040\000i\000n\000\040\000C\000o\000d\000e}{subsection.8.5}% 89
\BOOKMARK [3][-]{subsubsection.8.5.2}{\376\377\000I\000n\000n\000o\000v\000a\000t\000i\000o\000n\000\040\000\050\000R\000e\000s\000i\000d\000u\000a\000l\000\051\000\040\000a\000n\000d\000\040\000W\000r\000a\000p\000p\000i\000n\000g}{subsection.8.5}% 90
\BOOKMARK [3][-]{subsubsection.8.5.3}{\376\377\000K\000a\000l\000m\000a\000n\000\040\000G\000a\000i\000n\000\040\000a\000n\000d\000\040\000C\000o\000v\000a\000r\000i\000a\000n\000c\000e\000\040\000U\000p\000d\000a\000t\000e}{subsection.8.5}% 91
\BOOKMARK [2][-]{subsection.8.6}{\376\377\000M\000e\000a\000s\000u\000r\000e\000m\000e\000n\000t\000\040\000N\000o\000i\000s\000e\000\040\000M\000o\000d\000e\000l\000\040\000R}{section.8}% 92
\BOOKMARK [2][-]{subsection.8.7}{\376\377\000T\000r\000a\000c\000k\000\040\000I\000n\000i\000t\000i\000a\000l\000i\000z\000a\000t\000i\000o\000n\000\040\000f\000r\000o\000m\000\040\000a\000\040\000S\000i\000n\000g\000l\000e\000\040\000D\000e\000t\000e\000c\000t\000i\000o\000n}{section.8}% 93
\BOOKMARK [3][-]{subsubsection.8.7.1}{\376\377\000I\000n\000i\000t\000i\000a\000l\000\040\000C\000o\000v\000a\000r\000i\000a\000n\000c\000e}{subsection.8.7}% 94
\BOOKMARK [3][-]{subsubsection.8.7.2}{\376\377\000P\000r\000o\000c\000e\000s\000s\000\040\000N\000o\000i\000s\000e\000\040\000T\000u\000n\000i\000n\000g\000\040\000f\000o\000r\000\040\000N\000e\000w\000\040\000T\000r\000a\000c\000k\000s}{subsection.8.7}% 95
\BOOKMARK [2][-]{subsection.8.8}{\376\377\000A\000s\000s\000o\000c\000i\000a\000t\000i\000o\000n\000\040\000a\000n\000d\000\040\000G\000a\000t\000i\000n\000g\000\040\000\050\000N\000e\000a\000r\000e\000s\000t\000\040\000N\000e\000i\000g\000h\000b\000o\000r\000\051}{section.8}% 96
\BOOKMARK [3][-]{subsubsection.8.8.1}{\376\377\000P\000r\000e\000d\000i\000c\000t\000i\000n\000g\000\040\000E\000a\000c\000h\000\040\000T\000r\000a\000c\000k\000'\000s\000\040\000M\000e\000a\000s\000u\000r\000e\000m\000e\000n\000t}{subsection.8.8}% 97
\BOOKMARK [3][-]{subsubsection.8.8.2}{\376\377\000R\000e\000c\000t\000a\000n\000g\000u\000l\000a\000r\000\040\000G\000a\000t\000e\000s}{subsection.8.8}% 98
\BOOKMARK [3][-]{subsubsection.8.8.3}{\376\377\000N\000e\000a\000r\000e\000s\000t\000-\000N\000e\000i\000g\000h\000b\000o\000r\000\040\000S\000c\000o\000r\000i\000n\000g}{subsection.8.8}% 99
\BOOKMARK [3][-]{subsubsection.8.8.4}{\376\377\000U\000p\000d\000a\000t\000e\000\040\000a\000n\000d\000\040\000B\000o\000o\000k\000k\000e\000e\000p\000i\000n\000g}{subsection.8.8}% 100
\BOOKMARK [2][-]{subsection.8.9}{\376\377\000T\000r\000a\000c\000k\000\040\000C\000o\000n\000f\000i\000r\000m\000a\000t\000i\000o\000n\000\040\000L\000o\000g\000i\000c}{section.8}% 101
\BOOKMARK [2][-]{subsection.8.10}{\376\377\000T\000r\000a\000c\000k\000\040\000D\000e\000l\000e\000t\000i\000o\000n\000\040\000L\000o\000g\000i\000c}{section.8}% 102
\BOOKMARK [2][-]{subsection.8.11}{\376\377\000R\000o\000u\000n\000d\000-\000R\000o\000b\000i\000n\000\040\000T\000r\000a\000c\000k\000\040\000S\000e\000r\000v\000i\000c\000e\000\040\000S\000c\000h\000e\000d\000u\000l\000i\000n\000g}{section.8}% 103
\BOOKMARK [2][-]{subsection.8.12}{\376\377\000A\000s\000s\000u\000m\000p\000t\000i\000o\000n\000s\000,\000\040\000L\000i\000m\000i\000t\000a\000t\000i\000o\000n\000s\000,\000\040\000a\000n\000d\000\040\000E\000x\000t\000e\000n\000s\000i\000o\000n\000s}{section.8}% 104
\BOOKMARK [3][-]{subsubsection.8.12.1}{\376\377\000A\000s\000s\000u\000m\000p\000t\000i\000o\000n\000s}{subsection.8.12}% 105
\BOOKMARK [3][-]{subsubsection.8.12.2}{\376\377\000L\000i\000m\000i\000t\000a\000t\000i\000o\000n\000s}{subsection.8.12}% 106
\BOOKMARK [3][-]{subsubsection.8.12.3}{\376\377\000S\000u\000g\000g\000e\000s\000t\000e\000d\000\040\000E\000x\000t\000e\000n\000s\000i\000o\000n\000s}{subsection.8.12}% 107
\BOOKMARK [1][-]{section.9}{\376\377\000S\000i\000m\000u\000l\000a\000t\000i\000o\000n\000\040\000F\000l\000o\000w}{}% 108
\BOOKMARK [1][-]{section.10}{\376\377\000V\000i\000s\000u\000a\000l\000i\000z\000a\000t\000i\000o\000n}{}% 109
\BOOKMARK [1][-]{section.11}{\376\377\000C\000o\000n\000c\000l\000u\000s\000i\000o\000n}{}% 110
